# JRE version: Java(TM) SE Runtime Environment (8.0_45-b15) (build 1.8.0_45-b15)
# Java VM: Java HotSpot(TM) 64-Bit Server VM (25.45-b02 mixed mode windows-amd64 compressed oops)
Heap:
 PSYoungGen      total 26624K, used 1724K [0x00000000eb180000, 0x00000000ed580000, 0x0000000100000000)
  eden space 16384K, 6% used [0x00000000eb180000,0x00000000eb297258,0x00000000ec180000)
  from space 10240K, 5% used [0x00000000ec180000,0x00000000ec218000,0x00000000ecb80000)
  to   space 10240K, 0% used [0x00000000ecb80000,0x00000000ecb80000,0x00000000ed580000)
 ParOldGen       total 44032K, used 12519K [0x00000000c1400000, 0x00000000c3f00000, 0x00000000eb180000)
  object space 44032K, 28% used [0x00000000c1400000,0x00000000c2039dc8,0x00000000c3f00000)
 Metaspace       used 15980K, capacity 16268K, committed 16384K, reserved 1062912K
  class space    used 1900K, capacity 1979K, committed 2048K, reserved 1048576K
GC Heap History (10 events):
Event: 470.616 GC heap before
{Heap before GC invocations=3 (full 0):
 PSYoungGen      total 18944K, used 18924K [0x00000000eb180000, 0x00000000ec680000, 0x0000000100000000)
  eden space 16384K, 100% used [0x00000000eb180000,0x00000000ec180000,0x00000000ec180000)
  from space 2560K, 99% used [0x00000000ec400000,0x00000000ec67b300,0x00000000ec680000)
  to   space 2560K, 0% used [0x00000000ec180000,0x00000000ec180000,0x00000000ec400000)
 ParOldGen       total 44032K, used 9218K [0x00000000c1400000, 0x00000000c3f00000, 0x00000000eb180000)
  object space 44032K, 20% used [0x00000000c1400000,0x00000000c1d00a00,0x00000000c3f00000)
 Metaspace       used 15358K, capacity 15604K, committed 15872K, reserved 1062912K
  class space    used 1889K, capacity 1975K, committed 2048K, reserved 1048576K
Event: 470.622 GC heap after
Heap after GC invocations=3 (full 0):
 PSYoungGen      total 18944K, used 2540K [0x00000000eb180000, 0x00000000ec680000, 0x0000000100000000)
  eden space 16384K, 0% used [0x00000000eb180000,0x00000000eb180000,0x00000000ec180000)
  from space 2560K, 99% used [0x00000000ec180000,0x00000000ec3fb300,0x00000000ec400000)
  to   space 2560K, 0% used [0x00000000ec400000,0x00000000ec400000,0x00000000ec680000)
 ParOldGen       total 44032K, used 9506K [0x00000000c1400000, 0x00000000c3f00000, 0x00000000eb180000)
  object space 44032K, 21% used [0x00000000c1400000,0x00000000c1d48a00,0x00000000c3f00000)
 Metaspace       used 15358K, capacity 15604K, committed 15872K, reserved 1062912K
  class space    used 1889K, capacity 1975K, committed 2048K, reserved 1048576K
}
Event: 1103.526 GC heap before
{Heap before GC invocations=4 (full 0):
 PSYoungGen      total 18944K, used 18924K [0x00000000eb180000, 0x00000000ec680000, 0x0000000100000000)
  eden space 16384K, 100% used [0x00000000eb180000,0x00000000ec180000,0x00000000ec180000)
  from space 2560K, 99% used [0x00000000ec180000,0x00000000ec3fb300,0x00000000ec400000)
  to   space 2560K, 0% used [0x00000000ec400000,0x00000000ec400000,0x00000000ec680000)
 ParOldGen       total 44032K, used 9506K [0x00000000c1400000, 0x00000000c3f00000, 0x00000000eb180000)
  object space 44032K, 21% used [0x00000000c1400000,0x00000000c1d48a00,0x00000000c3f00000)
 Metaspace       used 15465K, capacity 15732K, committed 15872K, reserved 1062912K
  class space    used 1895K, capacity 1975K, committed 2048K, reserved 1048576K
Event: 1103.532 GC heap after
Heap after GC invocations=4 (full 0):
 PSYoungGen      total 18944K, used 2540K [0x00000000eb180000, 0x00000000ec680000, 0x0000000100000000)
  eden space 16384K, 0% used [0x00000000eb180000,0x00000000eb180000,0x00000000ec180000)
  from space 2560K, 99% used [0x00000000ec400000,0x00000000ec67b300,0x00000000ec680000)
  to   space 2560K, 0% used [0x00000000ec180000,0x00000000ec180000,0x00000000ec400000)
 ParOldGen       total 44032K, used 9666K [0x00000000c1400000, 0x00000000c3f00000, 0x00000000eb180000)
  object space 44032K, 21% used [0x00000000c1400000,0x00000000c1d70a00,0x00000000c3f00000)
 Metaspace       used 15465K, capacity 15732K, committed 15872K, reserved 1062912K
  class space    used 1895K, capacity 1975K, committed 2048K, reserved 1048576K
}
Event: 1678.497 GC heap before
{Heap before GC invocations=5 (full 0):
 PSYoungGen      total 18944K, used 18924K [0x00000000eb180000, 0x00000000ec680000, 0x0000000100000000)
  eden space 16384K, 100% used [0x00000000eb180000,0x00000000ec180000,0x00000000ec180000)
  from space 2560K, 99% used [0x00000000ec400000,0x00000000ec67b300,0x00000000ec680000)
  to   space 2560K, 0% used [0x00000000ec180000,0x00000000ec180000,0x00000000ec400000)
 ParOldGen       total 44032K, used 9666K [0x00000000c1400000, 0x00000000c3f00000, 0x00000000eb180000)
  object space 44032K, 21% used [0x00000000c1400000,0x00000000c1d70a00,0x00000000c3f00000)
 Metaspace       used 15681K, capacity 15948K, committed 16128K, reserved 1062912K
  class space    used 1900K, capacity 1979K, committed 2048K, reserved 1048576K
Event: 1678.505 GC heap after
Heap after GC invocations=5 (full 0):
 PSYoungGen      total 18944K, used 2540K [0x00000000eb180000, 0x00000000ed680000, 0x0000000100000000)
  eden space 16384K, 0% used [0x00000000eb180000,0x00000000eb180000,0x00000000ec180000)
  from space 2560K, 99% used [0x00000000ec180000,0x00000000ec3fb300,0x00000000ec400000)
  to   space 10752K, 0% used [0x00000000ecc00000,0x00000000ecc00000,0x00000000ed680000)
 ParOldGen       total 44032K, used 10463K [0x00000000c1400000, 0x00000000c3f00000, 0x00000000eb180000)
  object space 44032K, 23% used [0x00000000c1400000,0x00000000c1e37cf0,0x00000000c3f00000)
 Metaspace       used 15681K, capacity 15948K, committed 16128K, reserved 1062912K
  class space    used 1900K, capacity 1979K, committed 2048K, reserved 1048576K
}
Event: 1820.128 GC heap before
{Heap before GC invocations=6 (full 0):
 PSYoungGen      total 18944K, used 18924K [0x00000000eb180000, 0x00000000ed680000, 0x0000000100000000)
  eden space 16384K, 100% used [0x00000000eb180000,0x00000000ec180000,0x00000000ec180000)
  from space 2560K, 99% used [0x00000000ec180000,0x00000000ec3fb300,0x00000000ec400000)
  to   space 10752K, 0% used [0x00000000ecc00000,0x00000000ecc00000,0x00000000ed680000)
 ParOldGen       total 44032K, used 10463K [0x00000000c1400000, 0x00000000c3f00000, 0x00000000eb180000)
  object space 44032K, 23% used [0x00000000c1400000,0x00000000c1e37cf0,0x00000000c3f00000)
 Metaspace       used 15847K, capacity 16140K, committed 16384K, reserved 1062912K
  class space    used 1900K, capacity 1979K, committed 2048K, reserved 1048576K
Event: 1820.135 GC heap after
Heap after GC invocations=6 (full 0):
 PSYoungGen      total 26112K, used 2684K [0x00000000eb180000, 0x00000000ed580000, 0x0000000100000000)
  eden space 16384K, 0% used [0x00000000eb180000,0x00000000eb180000,0x00000000ec180000)
  from space 9728K, 27% used [0x00000000ecc00000,0x00000000ece9f310,0x00000000ed580000)
  to   space 10240K, 0% used [0x00000000ec180000,0x00000000ec180000,0x00000000ecb80000)
 ParOldGen       total 44032K, used 10471K [0x00000000c1400000, 0x00000000c3f00000, 0x00000000eb180000)
  object space 44032K, 23% used [0x00000000c1400000,0x00000000c1e39cf0,0x00000000c3f00000)
 Metaspace       used 15847K, capacity 16140K, committed 16384K, reserved 1062912K
  class space    used 1900K, capacity 1979K, committed 2048K, reserved 1048576K
}
Event: 1950.558 GC heap before
{Heap before GC invocations=7 (full 0):
 PSYoungGen      total 26112K, used 19068K [0x00000000eb180000, 0x00000000ed580000, 0x0000000100000000)
  eden space 16384K, 100% used [0x00000000eb180000,0x00000000ec180000,0x00000000ec180000)
  from space 9728K, 27% used [0x00000000ecc00000,0x00000000ece9f310,0x00000000ed580000)
  to   space 10240K, 0% used [0x00000000ec180000,0x00000000ec180000,0x00000000ecb80000)
 ParOldGen       total 44032K, used 10471K [0x00000000c1400000, 0x00000000c3f00000, 0x00000000eb180000)
  object space 44032K, 23% used [0x00000000c1400000,0x00000000c1e39cf0,0x00000000c3f00000)
 Metaspace       used 15967K, capacity 16204K, committed 16384K, reserved 1062912K
  class space    used 1900K, capacity 1979K, committed 2048K, reserved 1048576K
Event: 1950.565 GC heap after
Heap after GC invocations=7 (full 0):
 PSYoungGen      total 26624K, used 608K [0x00000000eb180000, 0x00000000ed580000, 0x0000000100000000)
  eden space 16384K, 0% used [0x00000000eb180000,0x00000000eb180000,0x00000000ec180000)
  from space 10240K, 5% used [0x00000000ec180000,0x00000000ec218000,0x00000000ecb80000)
  to   space 10240K, 0% used [0x00000000ecb80000,0x00000000ecb80000,0x00000000ed580000)
 ParOldGen       total 44032K, used 12519K [0x00000000c1400000, 0x00000000c3f00000, 0x00000000eb180000)
  object space 44032K, 28% used [0x00000000c1400000,0x00000000c2039dc8,0x00000000c3f00000)
 Metaspace       used 15967K, capacity 16204K, committed 16384K, reserved 1062912K
  class space    used 1900K, capacity 1979K, committed 2048K, reserved 1048576K
}

